<?xml version="1.0" encoding="UTF-8"?>
<!-- Generated by org.testng.reporters.JUnitReportReporter -->
<testsuite skipped="0" hostname="ip-172-31-15-199" name="test.testcase1" tests="1" failures="0" timestamp="24 Feb 2021 06:06:39 GMT" time="5.236" errors="0">
  <testcase name="LoginTest" time="5.236" classname="test.testcase1"/>
</testsuite> <!-- test.testcase1 -->
